0 info it worked if it ends with ok
1 verbose cli [ 'C:\\Program Files\\nodejs\\node.exe',
1 verbose cli   'C:\\Program Files\\nodejs\\node_modules\\npm\\bin\\npm-cli.js',
1 verbose cli   'start' ]
2 info using npm@3.10.10
3 info using node@v6.11.0
4 verbose run-script [ 'prestart', 'start', 'poststart' ]
5 info lifecycle more-recipe@0.0.0~prestart: more-recipe@0.0.0
6 silly lifecycle more-recipe@0.0.0~prestart: no script for prestart, continuing
7 info lifecycle more-recipe@0.0.0~start: more-recipe@0.0.0
8 verbose lifecycle more-recipe@0.0.0~start: unsafe-perm in lifecycle true
9 verbose lifecycle more-recipe@0.0.0~start: PATH: C:\Program Files\nodejs\node_modules\npm\bin\node-gyp-bin;C:\Users\wukman2\Desktop\More-Recipes\node_modules\.bin;C:\Program Files (x86)\Common Files\Intel\Shared Files\cpp\bin\Intel64;C:\ProgramData\Oracle\Java\javapath;C:\Program Files (x86)\Intel\TXE Components\TCS\;C:\Program Files\Intel\TXE Components\TCS\;C:\WINDOWS\system32;C:\WINDOWS;C:\WINDOWS\System32\Wbem;C:\WINDOWS\System32\WindowsPowerShell\v1.0\;C:\xampp\php;C:\ProgramData\ComposerSetup\bin;C:\Program Files\Java\jdk1.8.0_51\jre\bin;C:\WINDOWS\system32\config\systemprofile\.dnx\bin;C:\Program Files\Microsoft DNX\Dnvm\;C:\Program Files\Java\jdk1.8.0_51\bin;C:\Program Files (x86)\Dev-Cpp\MinGW64\bin;C:\Users\wukman2\AppData\Local\Android\Sdk\tools;C:\Program Files (x86)\clisp-2.49;C:\Program Files (x86)\Brackets\command;C:\Program Files\Git\cmd;C:\Python34\Scripts\pip.exe;C:\Python34;C:\Program Files\nodejs\;C:\Program Files (x86)\Skype\Phone\;C:\PostgreSQL\pg96\bin;C:\PostgreSQL\pg96\bin;C:\Ruby22-x64\bin;C:\Users\wukman2\.dnx\bin;C:\Program Files\Java\jdk1.8.0_51\jre\bin;C:\Program Files\Java\jdk1.8.0_51\bin;C:\Program Files (x86)\Dev-Cpp\MinGW64\bin;C:\Users\wukman2\AppData\Local\Android\Sdk\tools;C:\Program Files\Heroku\bin;C:\Python34\Scripts\pip.exe;C:\Python34;C:\Program Files (x86)\Microsoft VS Code\bin;C:\Users\wukman2\AppData\Roaming\npm;C:\PostgreSQL\pg96\bin
10 verbose lifecycle more-recipe@0.0.0~start: CWD: C:\Users\wukman2\Desktop\More-Recipes
11 silly lifecycle more-recipe@0.0.0~start: Args: [ '/d /s /c', 'nodemon ./server/server --exec babel-node' ]
12 silly lifecycle more-recipe@0.0.0~start: Returned: code: 3221225786  signal: null
13 info lifecycle more-recipe@0.0.0~start: Failed to exec start script
14 verbose stack Error: more-recipe@0.0.0 start: `nodemon ./server/server --exec babel-node`
14 verbose stack Exit status 3221225786
14 verbose stack     at EventEmitter.<anonymous> (C:\Program Files\nodejs\node_modules\npm\lib\utils\lifecycle.js:255:16)
14 verbose stack     at emitTwo (events.js:106:13)
14 verbose stack     at EventEmitter.emit (events.js:191:7)
14 verbose stack     at ChildProcess.<anonymous> (C:\Program Files\nodejs\node_modules\npm\lib\utils\spawn.js:40:14)
14 verbose stack     at emitTwo (events.js:106:13)
14 verbose stack     at ChildProcess.emit (events.js:191:7)
14 verbose stack     at maybeClose (internal/child_process.js:891:16)
14 verbose stack     at Process.ChildProcess._handle.onexit (internal/child_process.js:226:5)
15 verbose pkgid more-recipe@0.0.0
16 verbose cwd C:\Users\wukman2\Desktop\More-Recipes\server
17 error Windows_NT 10.0.10586
18 error argv "C:\\Program Files\\nodejs\\node.exe" "C:\\Program Files\\nodejs\\node_modules\\npm\\bin\\npm-cli.js" "start"
19 error node v6.11.0
20 error npm  v3.10.10
21 error code ELIFECYCLE
22 error more-recipe@0.0.0 start: `nodemon ./server/server --exec babel-node`
22 error Exit status 3221225786
23 error Failed at the more-recipe@0.0.0 start script 'nodemon ./server/server --exec babel-node'.
23 error Make sure you have the latest version of node.js and npm installed.
23 error If you do, this is most likely a problem with the more-recipe package,
23 error not with npm itself.
23 error Tell the author that this fails on your system:
23 error     nodemon ./server/server --exec babel-node
23 error You can get information on how to open an issue for this project with:
23 error     npm bugs more-recipe
23 error Or if that isn't available, you can get their info via:
23 error     npm owner ls more-recipe
23 error There is likely additional logging output above.
24 verbose exit [ 1, true ]
